#
# There is insufficient memory for the Java Runtime Environment to continue.
# Native memory allocation (malloc) failed to allocate 123472 bytes for Chunk::new
# Possible reasons:
#   The system is out of physical RAM or swap space
#   In 32 bit mode, the process size limit was hit
# Possible solutions:
#   Reduce memory load on the system
#   Increase physical memory or swap space
#   Check if swap backing store is full
#   Use 64 bit Java on a 64 bit OS
#   Decrease Java heap size (-Xmx/-Xms)
#   Decrease number of Java threads
#   Decrease Java thread stack sizes (-Xss)
#   Set larger code cache with -XX:ReservedCodeCacheSize=
# This output file may be truncated or incomplete.
#
#  Out of Memory Error (allocation.cpp:390), pid=8232, tid=9752
#
# JRE version: Java(TM) SE Runtime Environment (8.0_40-b25) (build 1.8.0_40-b25)
# Java VM: Java HotSpot(TM) 64-Bit Server VM (25.40-b25 mixed mode windows-amd64 compressed oops)
# Failed to write core dump. Minidumps are not enabled by default on client versions of Windows
#

---------------  T H R E A D  ---------------

Current thread (0x0000000019a04000):  JavaThread "C2 CompilerThread2" daemon [_thread_in_native, id=9752, stack(0x000000001a180000,0x000000001a280000)]

Stack: [0x000000001a180000,0x000000001a280000]
Native frames: (J=compiled Java code, j=interpreted, Vv=VM code, C=native code)
V  [jvm.dll+0x32b47a]


Current CompileTask:
C2:    324  438  s    4       sun.misc.URLClassPath::getNextLoader (88 bytes)


---------------  P R O C E S S  ---------------

Java Threads: ( => current thread )
  0x0000000019a8f800 JavaThread "Service Thread" daemon [_thread_blocked, id=1392, stack(0x000000001a380000,0x000000001a480000)]
  0x0000000019a1e800 JavaThread "C1 CompilerThread3" daemon [_thread_in_native_trans, id=8732, stack(0x000000001a280000,0x000000001a380000)]
=>0x0000000019a04000 JavaThread "C2 CompilerThread2" daemon [_thread_in_native, id=9752, stack(0x000000001a180000,0x000000001a280000)]
  0x00000000199b4000 JavaThread "C2 CompilerThread1" daemon [_thread_in_native, id=9656, stack(0x000000001a080000,0x000000001a180000)]
  0x00000000199b0800 JavaThread "C2 CompilerThread0" daemon [_thread_in_native, id=9376, stack(0x0000000019f80000,0x000000001a080000)]
  0x00000000199af800 JavaThread "Attach Listener" daemon [_thread_blocked, id=8476, stack(0x0000000019e80000,0x0000000019f80000)]
  0x00000000199fb800 JavaThread "Signal Dispatcher" daemon [_thread_blocked, id=6420, stack(0x0000000019d80000,0x0000000019e80000)]
  0x000000000296b800 JavaThread "Finalizer" daemon [_thread_blocked, id=6732, stack(0x0000000019880000,0x0000000019980000)]
  0x0000000002965000 JavaThread "Reference Handler" daemon [_thread_blocked, id=7708, stack(0x0000000019780000,0x0000000019880000)]
  0x0000000000e0d800 JavaThread "main" [_thread_in_Java, id=10072, stack(0x0000000002690000,0x0000000002790000)]

Other Threads:
  0x0000000017989800 VMThread [stack: 0x0000000019680000,0x0000000019780000] [id=9328]
  0x0000000019a90000 WatcherThread [stack: 0x000000001a480000,0x000000001a580000] [id=9708]

VM state:not at safepoint (normal execution)

VM Mutex/Monitor currently owned by a thread: None

Heap:
 PSYoungGen      total 38400K, used 29670K [0x00000000d5800000, 0x00000000d8280000, 0x0000000100000000)
  eden space 33280K, 89% used [0x00000000d5800000,0x00000000d74f9b78,0x00000000d7880000)
  from space 5120K, 0% used [0x00000000d7d80000,0x00000000d7d80000,0x00000000d8280000)
  to   space 5120K, 0% used [0x00000000d7880000,0x00000000d7880000,0x00000000d7d80000)
 ParOldGen       total 87552K, used 0K [0x0000000080800000, 0x0000000085d80000, 0x00000000d5800000)
  object space 87552K, 0% used [0x0000000080800000,0x0000000080800000,0x0000000085d80000)
 Metaspace       used 7766K, capacity 7900K, committed 7936K, reserved 1056768K
  class space    used 970K, capacity 1012K, committed 1024K, reserved 1048576K

Card table byte_map: [0x0000000011d30000,0x0000000012130000] byte_map_base: 0x000000001192c000

Marking Bits: (ParMarkBitMap*) 0x0000000068784040
 Begin Bits: [0x0000000012be0000, 0x0000000014bc0000)
 End Bits:   [0x0000000014bc0000, 0x0000000016ba0000)

Polling page: 0x0000000000df0000

CodeCache: size=245760Kb used=2292Kb max_used=2292Kb free=243467Kb
 bounds [0x0000000002970000, 0x0000000002be0000, 0x0000000011970000]
 total_blobs=737 nmethods=458 adapters=192
 compilation: enabled

Compilation events (10 events):
Event: 0.317 Thread 0x0000000019a1e800 nmethod 448 0x0000000002b99c50 code [0x0000000002b99dc0, 0x0000000002b99fc8]
Event: 0.317 Thread 0x0000000019a1e800  451       3       java.util.zip.ZipUtils::dosToJavaTime (71 bytes)
Event: 0.317 Thread 0x0000000019a1e800 nmethod 451 0x0000000002b9a090 code [0x0000000002b9a220, 0x0000000002b9a758]
Event: 0.317 Thread 0x0000000019a1e800  452       3       java.util.zip.ZipEntry::setExtra0 (350 bytes)
Event: 0.321 Thread 0x0000000019a1e800 nmethod 452 0x0000000002b9a910 code [0x0000000002b9af60, 0x0000000002b9f3a8]
Event: 0.321 Thread 0x0000000019a1e800  453       3       sun.util.calendar.BaseCalendar::getCalendarDateFromFixedDate (305 bytes)
Event: 0.322 Thread 0x0000000019a1e800 nmethod 453 0x0000000002ba40d0 code [0x0000000002ba4340, 0x0000000002ba5ce8]
Event: 0.322 Thread 0x0000000019a1e800  460       3       java.lang.Throwable::<init> (39 bytes)
Event: 0.323 Thread 0x0000000019a1e800 nmethod 460 0x0000000002ba6990 code [0x0000000002ba6b00, 0x0000000002ba6e08]
Event: 0.323 Thread 0x0000000019a1e800  457   !   3       sun.misc.Resource::getBytes (242 bytes)

GC Heap History (0 events):
No events

Deoptimization events (3 events):
Event: 0.227 Thread 0x0000000000e0d800 Uncommon trap: reason=unstable_if action=reinterpret pc=0x0000000002b3ba60 method=sun.misc.MetaIndex.mayContain(Ljava/lang/String;)Z @ 13
Event: 0.227 Thread 0x0000000000e0d800 Uncommon trap: reason=unstable_if action=reinterpret pc=0x0000000002b2eec0 method=sun.misc.MetaIndex.mayContain(Ljava/lang/String;)Z @ 13
Event: 0.287 Thread 0x0000000000e0d800 Uncommon trap: reason=unstable_if action=reinterpret pc=0x0000000002ae433c method=java.lang.String.indexOf([CII[CIII)I @ 134

Internal exceptions (6 events):
Event: 0.032 Thread 0x0000000000e0d800 Exception <a 'java/lang/NoSuchMethodError': Method sun.misc.Unsafe.defineClass(Ljava/lang/String;[BII)Ljava/lang/Class; name or signature does not match> (0x00000000d5812f30) thrown at [D:\re\workspace\8-2-build-windows-amd64-cygwin\jdk8u40\2855\hotspot\srí0Ö¯ç`†?
Event: 0.032 Thread 0x0000000000e0d800 Exception <a 'java/lang/NoSuchMethodError': Method sun.misc.Unsafe.prefetchRead(Ljava/lang/Object;J)V name or signature does not match> (0x00000000d58131c0) thrown at [D:\re\workspace\8-2-build-windows-amd64-cygwin\jdk8u40\2855\hotspot\src\share\vm\prims\jœ†6.˘Õ?
Event: 0.227 Thread 0x0000000000e0d800 Exception <a 'java/security/PrivilegedActionException'> (0x00000000d6fd1ff0) thrown at [D:\re\workspace\8-2-build-windows-amd64-cygwin\jdk8u40\2855\hotspot\src\share\vm\prims\jvm.cpp, line 1382]
Event: 0.227 Thread 0x0000000000e0d800 Exception <a 'java/security/PrivilegedActionException'> (0x00000000d6fd2338) thrown at [D:\re\workspace\8-2-build-windows-amd64-cygwin\jdk8u40\2855\hotspot\src\share\vm\prims\jvm.cpp, line 1382]
Event: 0.228 Thread 0x0000000000e0d800 Exception <a 'java/security/PrivilegedActionException'> (0x00000000d6fd6150) thrown at [D:\re\workspace\8-2-build-windows-amd64-cygwin\jdk8u40\2855\hotspot\src\share\vm\prims\jvm.cpp, line 1382]
Event: 0.228 Thread 0x0000000000e0d800 Exception <a 'java/security/PrivilegedActionException'> (0x00000000d6fd6498) thrown at [D:\re\workspace\8-2-build-windows-amd64-cygwin\jdk8u40\2855\hotspot\src\share\vm\prims\jvm.cpp, line 1382]

Events (10 events):
Event: 0.322 loading class java/util/LinkedHashMap$LinkedKeyIterator
Event: 0.322 loading class java/util/LinkedHashMap$LinkedKeyIterator done
Event: 0.322 loading class org/hibernate/integrator/internal/IntegratorServiceImpl
Event: 0.322 loading class org/hibernate/integrator/internal/IntegratorServiceImpl done
Event: 0.322 loading class org/hibernate/integrator/spi/Integrator
Event: 0.322 loading class org/hibernate/integrator/spi/Integrator done
Event: 0.322 loading class org/hibernate/cfg/beanvalidation/BeanValidationIntegrator
Event: 0.322 loading class org/hibernate/cfg/beanvalidation/BeanValidationIntegrator done
Event: 0.323 loading class org/hibernate/cfg/beanvalidation/IntegrationException
Event: 0.323 loading class org/hibernate/cfg/beanvalidation/IntegrationException done


Dynamic libraries:
0x00007ff664f40000 - 0x00007ff664f77000 	C:\Program Files\Java\jre1.8.0_40\bin\javaw.exe
0x00007ffcc6ad0000 - 0x00007ffcc6c7c000 	C:\WINDOWS\SYSTEM32\ntdll.dll
0x00007ffcc6990000 - 0x00007ffcc6ace000 	C:\WINDOWS\system32\KERNEL32.DLL
0x00007ffcc3fd0000 - 0x00007ffcc40e5000 	C:\WINDOWS\system32\KERNELBASE.dll
0x00007ffcc27c0000 - 0x00007ffcc284e000 	C:\WINDOWS\system32\apphelp.dll
0x00007ffca4090000 - 0x00007ffca40e3000 	C:\WINDOWS\AppPatch\AppPatch64\AcGenral.DLL
0x00007ffcc45f0000 - 0x00007ffcc469a000 	C:\WINDOWS\system32\msvcrt.dll
0x00007ffcc39f0000 - 0x00007ffcc3a1e000 	C:\WINDOWS\SYSTEM32\SspiCli.dll
0x00007ffcc4590000 - 0x00007ffcc45e4000 	C:\WINDOWS\system32\SHLWAPI.dll
0x00007ffcc6420000 - 0x00007ffcc6597000 	C:\WINDOWS\system32\USER32.dll
0x00007ffcc43f0000 - 0x00007ffcc4584000 	C:\WINDOWS\system32\ole32.dll
0x00007ffcc4a20000 - 0x00007ffcc5f38000 	C:\WINDOWS\system32\SHELL32.dll
0x00007ffcc3100000 - 0x00007ffcc3121000 	C:\WINDOWS\SYSTEM32\USERENV.dll
0x00007ffcc68b0000 - 0x00007ffcc695a000 	C:\WINDOWS\system32\ADVAPI32.dll
0x00007ffcbced0000 - 0x00007ffcbceee000 	C:\WINDOWS\SYSTEM32\MPR.dll
0x00007ffcc48d0000 - 0x00007ffcc4a11000 	C:\WINDOWS\system32\RPCRT4.dll
0x00007ffcc6250000 - 0x00007ffcc62a9000 	C:\WINDOWS\SYSTEM32\sechost.dll
0x00007ffcc41d0000 - 0x00007ffcc43e1000 	C:\WINDOWS\SYSTEM32\combase.dll
0x00007ffcc5f40000 - 0x00007ffcc6091000 	C:\WINDOWS\system32\GDI32.dll
0x00007ffcc3c20000 - 0x00007ffcc3c35000 	C:\WINDOWS\SYSTEM32\profapi.dll
0x00007ffcc26e0000 - 0x00007ffcc2792000 	C:\WINDOWS\SYSTEM32\SHCORE.dll
0x00007ffcc62b0000 - 0x00007ffcc62e6000 	C:\WINDOWS\system32\IMM32.DLL
0x00007ffcc4770000 - 0x00007ffcc48c2000 	C:\WINDOWS\system32\MSCTF.dll
0x00007ffcc0790000 - 0x00007ffcc0a0b000 	C:\WINDOWS\WinSxS\amd64_microsoft.windows.common-controls_6595b64144ccf1df_6.0.9600.17784_none_624760d1ecb7236e\COMCTL32.dll
0x0000000067ea0000 - 0x0000000067f72000 	C:\Program Files\Java\jre1.8.0_40\bin\msvcr100.dll
0x0000000067f80000 - 0x0000000068803000 	C:\Program Files\Java\jre1.8.0_40\bin\server\jvm.dll
0x00007ffcbab90000 - 0x00007ffcbab99000 	C:\WINDOWS\SYSTEM32\WSOCK32.dll
0x00007ffcc1680000 - 0x00007ffcc16a2000 	C:\WINDOWS\SYSTEM32\WINMM.dll
0x00007ffcc16b0000 - 0x00007ffcc16ba000 	C:\WINDOWS\SYSTEM32\VERSION.dll
0x00007ffcc6980000 - 0x00007ffcc6987000 	C:\WINDOWS\system32\PSAPI.DLL
0x00007ffcc6780000 - 0x00007ffcc67da000 	C:\WINDOWS\system32\WS2_32.dll
0x00007ffcc1590000 - 0x00007ffcc15ba000 	C:\WINDOWS\SYSTEM32\WINMMBASE.dll
0x00007ffcc4760000 - 0x00007ffcc4769000 	C:\WINDOWS\system32\NSI.dll
0x00007ffcc3f80000 - 0x00007ffcc3fcf000 	C:\WINDOWS\SYSTEM32\cfgmgr32.dll
0x00007ffcc2a10000 - 0x00007ffcc2a38000 	C:\WINDOWS\SYSTEM32\DEVOBJ.dll
0x0000000068f00000 - 0x0000000068f0f000 	C:\Program Files\Java\jre1.8.0_40\bin\verify.dll
0x0000000068ed0000 - 0x0000000068ef9000 	C:\Program Files\Java\jre1.8.0_40\bin\java.dll
0x0000000068eb0000 - 0x0000000068ec6000 	C:\Program Files\Java\jre1.8.0_40\bin\zip.dll

VM Arguments:
jvm_args: -Dfile.encoding=Cp1255 
java_command: boot.Run
java_class_path (initial): C:\Users\itzikg211\git\ProjectMVP\ProjectMvp\bin;C:\Users\itzikg211\git\ProjectMVP\ProjectMvp\CLI.jar;C:\Users\itzikg211\git\ProjectMVP\ProjectMvp\projectTest.jar;C:\Users\itzikg211\git\ProjectMVP\ProjectMvp\lib\algo.jar;C:\Users\itzikg211\git\ProjectMVP\ProjectMvp\lib\CLI.jar;C:\Users\itzikg211\git\ProjectMVP\ProjectMvp\lib\comp&decomp.jar;C:\Users\itzikg211\git\ProjectMVP\ProjectMvp\lib\mysql-connector-java-5.0.8-bin.jar;C:\Users\itzikg211\git\ProjectMVP\ProjectMvp\lib\projectTest.jar;F:\Hibernate\hibernate-release-4.3.10.Final\lib\required\antlr-2.7.7.jar;F:\Hibernate\hibernate-release-4.3.10.Final\lib\required\dom4j-1.6.1.jar;F:\Hibernate\hibernate-release-4.3.10.Final\lib\required\hibernate-commons-annotations-4.0.5.Final.jar;F:\Hibernate\hibernate-release-4.3.10.Final\lib\required\hibernate-core-4.3.10.Final.jar;F:\Hibernate\hibernate-release-4.3.10.Final\lib\required\hibernate-jpa-2.1-api-1.0.0.Final.jar;F:\Hibernate\hibernate-release-4.3.10.Final\lib\required\jandex-1.1.0.Final.jar;F:\Hibernate\hibernate-release-4.3.10.Final\lib\required\javassist-3.18.1-GA.jar;F:\Hibernate\hibernate-release-4.3.10.Final\lib\required\jboss-logging-3.1.3.GA.jar;F:\Hibernate\hibernate-release-4.3.10.Final\lib\required\jboss-logging-annotations-1.2.0.Beta1.jar;F:\Hibernate\hibernate-release-4.3.10.Final\lib\required\jboss-transaction-api_1.2_spec-1.0.0.Final.jar;F:\slf4j-1.5.2\slf4j-jdk14-1.5.2.jar
Launcher Type: SUN_STANDARD

Environment Variables:
JAVA_HOME=C:\Program Files\Java\jdk1.8.0_40
CLASSPATH=.;C:\Program Files (x86)\Java\jre7\lib\ext\QTJava.zip
PATH=C:/Program Files/Java/jre1.8.0_40/bin/server;C:/Program Files/Java/jre1.8.0_40/bin;C:/Program Files/Java/jre1.8.0_40/lib/amd64;C:\Program Files\Java\jdk1.8.0_40;F:\mysql\bin;C:\Program Files (x86)\Microsoft Visual Studio\Common\Tools\WinNT;C:\Program Files (x86)\Microsoft Visual Studio\Common\MSDev98\Bin;C:\Program Files (x86)\Microsoft Visual Studio\Common\Tools;C:\Program Files (x86)\Microsoft Visual Studio\VC98\bin;F:\eclipse;
USERNAME=itzikg211
OS=Windows_NT
PROCESSOR_IDENTIFIER=Intel64 Family 6 Model 58 Stepping 9, GenuineIntel



---------------  S Y S T E M  ---------------

OS: Windows 8.1 , 64 bit Build 9600 (6.3.9600.17415)

CPU:total 8 (4 cores per cpu, 2 threads per core) family 6 model 58 stepping 9, cmov, cx8, fxsr, mmx, sse, sse2, sse3, ssse3, sse4.1, sse4.2, popcnt, avx, aes, clmul, erms, ht, tsc, tscinvbit, tscinv

Memory: 4k page, physical 8349648k(2235580k free), swap 11495376k(5008k free)

vm_info: Java HotSpot(TM) 64-Bit Server VM (25.40-b25) for windows-amd64 JRE (1.8.0_40-b25), built on Feb 10 2015 21:53:57 by "java_re" with MS VC++ 10.0 (VS2010)

time: Mon May 18 23:57:28 2015
elapsed time: 0 seconds (0d 0h 0m 0s)

